This file contains any messages produced by compilers while
running configure, to aid debugging if configure makes a mistake.

It was created by configure, which was
generated by GNU Autoconf 2.63.  Invocation command line was

  $ ./configure --enable-suffixtree

## --------- ##
## Platform. ##
## --------- ##

hostname = linux-97l9
uname -m = i686
uname -r = 2.6.32-zen0
uname -s = Linux
uname -v = #6 ZEN SMP PREEMPT Sun Dec 6 19:32:56 CET 2009

/usr/bin/uname -p = unknown
/bin/uname -X     = unknown

/bin/arch              = i686
/usr/bin/arch -k       = unknown
/usr/convex/getsysinfo = unknown
/usr/bin/hostinfo      = unknown
/bin/machine           = unknown
/usr/bin/oslevel       = unknown
/bin/universe          = unknown

PATH: /home/chi/bin
PATH: /usr/local/bin
PATH: /usr/bin
PATH: /sbin
PATH: /usr/sbin
PATH: /bin
PATH: /usr/bin/X11
PATH: /usr/X11R6/bin
PATH: /usr/games
PATH: /opt/kde3/bin
PATH: /usr/lib/jvm/jre/bin
PATH: /usr/lib/mit/bin
PATH: /usr/lib/mit/sbin


## ----------- ##
## Core tests. ##
## ----------- ##

configure:2322: checking for grep that handles long lines and -e
configure:2382: result: /usr/bin/grep
configure:2387: checking for egrep
configure:2451: result: /usr/bin/grep -E
configure:2456: checking for a sed that does not truncate output
configure:2510: result: /usr/bin/sed
configure:2633: checking for gcc
configure:2649: found /usr/bin/gcc
configure:2660: result: gcc
configure:2892: checking for C compiler version
configure:2900: gcc --version >&5
gcc (SUSE Linux) 4.4.0 [gcc-4_4-branch revision 148163]
Copyright (C) 2009 Free Software Foundation, Inc.
This is free software; see the source for copying conditions.  There is NO
warranty; not even for MERCHANTABILITY or FITNESS FOR A PARTICULAR PURPOSE.

configure:2904: $? = 0
configure:2911: gcc -v >&5
Using built-in specs.
Target: i586-suse-linux
Configured with: ../configure --prefix=/usr --infodir=/usr/share/info --mandir=/usr/share/man --libdir=/usr/lib --libexecdir=/usr/lib --enable-languages=c,c++,objc,fortran,obj-c++,java,ada --enable-checking=release --with-gxx-include-dir=/usr/include/c++/4.4 --enable-ssp --disable-libssp --with-bugurl=http://bugs.opensuse.org/ --with-pkgversion='SUSE Linux' --disable-libgcj --disable-libmudflap --with-slibdir=/lib --with-system-zlib --enable-__cxa_atexit --enable-libstdcxx-allocator=new --disable-libstdcxx-pch --enable-version-specific-runtime-libs --program-suffix=-4.4 --enable-linux-futex --without-system-libunwind --with-arch-32=i586 --with-tune=generic --build=i586-suse-linux
Thread model: posix
gcc version 4.4.0 [gcc-4_4-branch revision 148163] (SUSE Linux) 
configure:2915: $? = 0
configure:2922: gcc -V >&5
gcc: '-V' option must have argument
configure:2926: $? = 1
configure:2949: checking for C compiler default output file name
configure:2971: gcc    conftest.c  >&5
configure:2975: $? = 0
configure:3013: result: a.out
configure:3032: checking whether the C compiler works
configure:3042: ./a.out
configure:3046: $? = 0
configure:3065: result: yes
configure:3072: checking whether we are cross compiling
configure:3074: result: no
configure:3077: checking for suffix of executables
configure:3084: gcc -o conftest    conftest.c  >&5
configure:3088: $? = 0
configure:3114: result: 
configure:3120: checking for suffix of object files
configure:3146: gcc -c   conftest.c >&5
configure:3150: $? = 0
configure:3175: result: o
configure:3179: checking whether we are using the GNU C compiler
configure:3208: gcc -c   conftest.c >&5
configure:3215: $? = 0
configure:3232: result: yes
configure:3241: checking whether gcc accepts -g
configure:3271: gcc -c -g  conftest.c >&5
configure:3278: $? = 0
configure:3379: result: yes
configure:3396: checking for gcc option to accept ISO C89
configure:3470: gcc  -c -g -O2  conftest.c >&5
configure:3477: $? = 0
configure:3500: result: none needed
configure:3519: checking whether gcc and cc understand -c and -o together
configure:3554: gcc -c conftest.c -o conftest2.o >&5
configure:3558: $? = 0
configure:3564: gcc -c conftest.c -o conftest2.o >&5
configure:3568: $? = 0
configure:3579: cc -c conftest.c >&5
configure:3583: $? = 0
configure:3591: cc -c conftest.c -o conftest2.o >&5
configure:3595: $? = 0
configure:3601: cc -c conftest.c -o conftest2.o >&5
configure:3605: $? = 0
configure:3623: result: yes
configure:3639: checking for system library directory
configure:3657: result: lib
configure:3665: checking if compiler supports -R
configure:3694: gcc -o conftest -g -O2   conftest.c -R /usr/lib  >&5
gcc: unrecognized option '-R'
/usr/lib: file not recognized: Is a directory
collect2: ld returned 1 exit status
configure:3701: $? = 1
configure: failed program was:
| /* confdefs.h.  */
| #define PACKAGE_NAME ""
| #define PACKAGE_TARNAME ""
| #define PACKAGE_VERSION ""
| #define PACKAGE_STRING ""
| #define PACKAGE_BUGREPORT ""
| /* end confdefs.h.  */
| 
| int
| main ()
| {
| 
|   ;
|   return 0;
| }
configure:3723: result: no
configure:3728: checking if compiler supports -Wl,-rpath,
configure:3757: gcc -o conftest -g -O2   conftest.c -Wl,-rpath,/usr/lib  >&5
configure:3764: $? = 0
configure:3786: result: yes
configure:3835: checking build system type
configure:3853: result: i686-pc-linux-gnu
configure:3875: checking host system type
configure:3890: result: i686-pc-linux-gnu
configure:3912: checking target system type
configure:3927: result: i686-pc-linux-gnu
configure:4039: checking for PHP prefix
configure:4041: result: /usr
configure:4043: checking for PHP includes
configure:4045: result: -I/usr/include/php -I/usr/include/php/main -I/usr/include/php/TSRM -I/usr/include/php/Zend -I/usr/include/php/ext -I/usr/include/php/ext/date/lib
configure:4047: checking for PHP extension directory
configure:4049: result: /usr/lib/php/extensions/no-debug-non-zts-20060613
configure:4051: checking for PHP installed headers prefix
configure:4053: result: /usr/include/php
configure:4097: checking for re2c
configure:4127: result: no
configure:4152: WARNING: You will need re2c 0.12.0 or later if you want to regenerate PHP parsers.
configure:4166: checking for gawk
configure:4183: found /usr/bin/gawk
configure:4194: result: gawk
configure:4241: checking enable SuffixTree class
configure:4283: result: yes, shared
configure:4667: checking for ld used by gcc
configure:4734: result: /usr/i586-suse-linux/bin/ld
configure:4743: checking if the linker (/usr/i586-suse-linux/bin/ld) is GNU ld
configure:4758: result: yes
configure:4763: checking for /usr/i586-suse-linux/bin/ld option to reload object files
configure:4770: result: -r
configure:4788: checking for BSD-compatible nm
configure:4830: result: /usr/bin/nm -B
configure:4834: checking whether ln -s works
configure:4838: result: yes
configure:4845: checking how to recognise dependent libraries
configure:5017: result: pass_all
configure:5229: checking how to run the C preprocessor
configure:5269: gcc -E  conftest.c
configure:5276: $? = 0
configure:5307: gcc -E  conftest.c
conftest.c:10:28: error: ac_nonexistent.h: No such file or directory
configure:5314: $? = 1
configure: failed program was:
| /* confdefs.h.  */
| #define PACKAGE_NAME ""
| #define PACKAGE_TARNAME ""
| #define PACKAGE_VERSION ""
| #define PACKAGE_STRING ""
| #define PACKAGE_BUGREPORT ""
| #define HAVE_SUFFIXTREE 1
| #define COMPILE_DL_SUFFIXTREE 1
| /* end confdefs.h.  */
| #include <ac_nonexistent.h>
configure:5347: result: gcc -E
configure:5376: gcc -E  conftest.c
configure:5383: $? = 0
configure:5414: gcc -E  conftest.c
conftest.c:10:28: error: ac_nonexistent.h: No such file or directory
configure:5421: $? = 1
configure: failed program was:
| /* confdefs.h.  */
| #define PACKAGE_NAME ""
| #define PACKAGE_TARNAME ""
| #define PACKAGE_VERSION ""
| #define PACKAGE_STRING ""
| #define PACKAGE_BUGREPORT ""
| #define HAVE_SUFFIXTREE 1
| #define COMPILE_DL_SUFFIXTREE 1
| /* end confdefs.h.  */
| #include <ac_nonexistent.h>
configure:5461: checking for ANSI C header files
configure:5491: gcc -c -g -O2  conftest.c >&5
configure:5498: $? = 0
configure:5597: gcc -o conftest -g -O2   conftest.c  >&5
configure:5601: $? = 0
configure:5607: ./conftest
configure:5611: $? = 0
configure:5629: result: yes
configure:5653: checking for sys/types.h
configure:5674: gcc -c -g -O2  conftest.c >&5
configure:5681: $? = 0
configure:5698: result: yes
configure:5653: checking for sys/stat.h
configure:5674: gcc -c -g -O2  conftest.c >&5
configure:5681: $? = 0
configure:5698: result: yes
configure:5653: checking for stdlib.h
configure:5674: gcc -c -g -O2  conftest.c >&5
configure:5681: $? = 0
configure:5698: result: yes
configure:5653: checking for string.h
configure:5674: gcc -c -g -O2  conftest.c >&5
configure:5681: $? = 0
configure:5698: result: yes
configure:5653: checking for memory.h
configure:5674: gcc -c -g -O2  conftest.c >&5
configure:5681: $? = 0
configure:5698: result: yes
configure:5653: checking for strings.h
configure:5674: gcc -c -g -O2  conftest.c >&5
configure:5681: $? = 0
configure:5698: result: yes
configure:5653: checking for inttypes.h
configure:5674: gcc -c -g -O2  conftest.c >&5
configure:5681: $? = 0
configure:5698: result: yes
configure:5653: checking for stdint.h
configure:5674: gcc -c -g -O2  conftest.c >&5
configure:5681: $? = 0
configure:5698: result: yes
configure:5653: checking for unistd.h
configure:5674: gcc -c -g -O2  conftest.c >&5
configure:5681: $? = 0
configure:5698: result: yes
configure:5728: checking dlfcn.h usability
configure:5745: gcc -c -g -O2  conftest.c >&5
configure:5752: $? = 0
configure:5766: result: yes
configure:5770: checking dlfcn.h presence
configure:5785: gcc -E  conftest.c
configure:5792: $? = 0
configure:5806: result: yes
configure:5834: checking for dlfcn.h
configure:5843: result: yes
configure:6103: checking the maximum length of command line arguments
configure:6195: result: 32768
configure:6206: checking command to parse /usr/bin/nm -B output from gcc object
configure:6302: gcc -c -g -O2  conftest.c >&5
configure:6305: $? = 0
configure:6309: /usr/bin/nm -B conftest.o \| sed -n -e 's/^.*[ 	]\([ABCDGIRSTW][ABCDGIRSTW]*\)[ 	][ 	]*\([_A-Za-z][_A-Za-z0-9]*\)$/\1 \2 \2/p' \> conftest.nm
configure:6312: $? = 0
configure:6364: gcc -o conftest -g -O2   conftest.c conftstm.o >&5
configure:6367: $? = 0
configure:6405: result: ok
configure:6409: checking for objdir
configure:6424: result: .libs
configure:6516: checking for ar
configure:6532: found /usr/bin/ar
configure:6543: result: ar
configure:6608: checking for ranlib
configure:6624: found /usr/bin/ranlib
configure:6635: result: ranlib
configure:6700: checking for strip
configure:6716: found /usr/bin/strip
configure:6727: result: strip
configure:7025: checking if gcc static flag  works
configure:7053: result: yes
configure:7075: checking if gcc supports -fno-rtti -fno-exceptions
configure:7093: gcc -c -g -O2  -fno-rtti -fno-exceptions conftest.c >&5
cc1: warning: command line option "-fno-rtti" is valid for C++/ObjC++ but not for C
configure:7097: $? = 0
configure:7110: result: no
configure:7125: checking for gcc option to produce PIC
configure:7329: result: -fPIC
configure:7337: checking if gcc PIC flag -fPIC works
configure:7355: gcc -c -g -O2  -fPIC -DPIC conftest.c >&5
configure:7359: $? = 0
configure:7372: result: yes
configure:7396: checking if gcc supports -c -o file.o
configure:7417: gcc -c -g -O2  -o out/conftest2.o conftest.c >&5
configure:7421: $? = 0
configure:7443: result: yes
configure:7469: checking whether the gcc linker (/usr/i586-suse-linux/bin/ld) supports shared libraries
configure:8313: result: yes
configure:8339: checking whether -lc should be explicitly linked in
configure:8344: gcc -c -g -O2  conftest.c >&5
configure:8347: $? = 0
configure:8361: gcc -shared conftest.o  -v -Wl,-soname -Wl,conftest -o conftest 2\>\&1 \| grep  -lc  \>/dev/null 2\>\&1
configure:8364: $? = 0
configure:8376: result: no
configure:8384: checking dynamic linker characteristics
configure:8959: result: GNU/Linux ld.so
configure:8963: checking how to hardcode library paths into programs
configure:8988: result: immediate
configure:9002: checking whether stripping libraries is possible
configure:9007: result: yes
configure:9832: checking if libtool supports shared libraries
configure:9834: result: yes
configure:9837: checking whether to build shared libraries
configure:9858: result: yes
configure:9861: checking whether to build static libraries
configure:9865: result: no
configure:9958: result:
creating libtool
configure:14312: creating ./config.status

## ---------------------- ##
## Running config.status. ##
## ---------------------- ##

This file was extended by config.status, which was
generated by GNU Autoconf 2.63.  Invocation command line was

  CONFIG_FILES    = 
  CONFIG_HEADERS  = 
  CONFIG_LINKS    = 
  CONFIG_COMMANDS = 
  $ ./config.status 

on linux-97l9

config.status:607: creating config.h
config.status:741: config.h is unchanged

## ---------------- ##
## Cache variables. ##
## ---------------- ##

ac_cv_build=i686-pc-linux-gnu
ac_cv_c_compiler_gnu=yes
ac_cv_env_CC_set=
ac_cv_env_CC_value=
ac_cv_env_CFLAGS_set=
ac_cv_env_CFLAGS_value=
ac_cv_env_CPPFLAGS_set=
ac_cv_env_CPPFLAGS_value=
ac_cv_env_CPP_set=
ac_cv_env_CPP_value=
ac_cv_env_CXXCPP_set=
ac_cv_env_CXXCPP_value=
ac_cv_env_LDFLAGS_set=
ac_cv_env_LDFLAGS_value=
ac_cv_env_LIBS_set=
ac_cv_env_LIBS_value=
ac_cv_env_build_alias_set=
ac_cv_env_build_alias_value=
ac_cv_env_host_alias_set=
ac_cv_env_host_alias_value=
ac_cv_env_target_alias_set=
ac_cv_env_target_alias_value=
ac_cv_header_dlfcn_h=yes
ac_cv_header_inttypes_h=yes
ac_cv_header_memory_h=yes
ac_cv_header_stdc=yes
ac_cv_header_stdint_h=yes
ac_cv_header_stdlib_h=yes
ac_cv_header_string_h=yes
ac_cv_header_strings_h=yes
ac_cv_header_sys_stat_h=yes
ac_cv_header_sys_types_h=yes
ac_cv_header_unistd_h=yes
ac_cv_host=i686-pc-linux-gnu
ac_cv_objext=o
ac_cv_path_EGREP='/usr/bin/grep -E'
ac_cv_path_GREP=/usr/bin/grep
ac_cv_prog_AWK=gawk
ac_cv_prog_CPP='gcc -E'
ac_cv_prog_ac_ct_AR=ar
ac_cv_prog_ac_ct_CC=gcc
ac_cv_prog_ac_ct_RANLIB=ranlib
ac_cv_prog_ac_ct_STRIP=strip
ac_cv_prog_cc_c89=
ac_cv_prog_cc_g=yes
ac_cv_prog_cc_gcc_c_o=yes
ac_cv_target=i686-pc-linux-gnu
lt_cv_deplibs_check_method=pass_all
lt_cv_file_magic_cmd='$MAGIC_CMD'
lt_cv_file_magic_test_file=
lt_cv_ld_reload_flag=-r
lt_cv_objdir=.libs
lt_cv_path_LD=/usr/i586-suse-linux/bin/ld
lt_cv_path_NM='/usr/bin/nm -B'
lt_cv_path_SED=/usr/bin/sed
lt_cv_prog_compiler_c_o=yes
lt_cv_prog_compiler_rtti_exceptions=no
lt_cv_prog_gnu_ld=yes
lt_cv_sys_global_symbol_pipe='sed -n -e '\''s/^.*[ 	]\([ABCDGIRSTW][ABCDGIRSTW]*\)[ 	][ 	]*\([_A-Za-z][_A-Za-z0-9]*\)$/\1 \2 \2/p'\'''
lt_cv_sys_global_symbol_to_c_name_address='sed -n -e '\''s/^: \([^ ]*\) $/  {\"\1\", (lt_ptr) 0},/p'\'' -e '\''s/^[BCDEGRST] \([^ ]*\) \([^ ]*\)$/  {"\2", (lt_ptr) \&\2},/p'\'''
lt_cv_sys_global_symbol_to_cdecl='sed -n -e '\''s/^. .* \(.*\)$/extern int \1;/p'\'''
lt_cv_sys_max_cmd_len=32768
lt_lt_cv_prog_compiler_c_o='"yes"'
lt_lt_cv_sys_global_symbol_pipe='"sed -n -e '\''s/^.*[ 	]\\([ABCDGIRSTW][ABCDGIRSTW]*\\)[ 	][ 	]*\\([_A-Za-z][_A-Za-z0-9]*\\)\$/\\1 \\2 \\2/p'\''"'
lt_lt_cv_sys_global_symbol_to_c_name_address='"sed -n -e '\''s/^: \\([^ ]*\\) \$/  {\\\"\\1\\\", (lt_ptr) 0},/p'\'' -e '\''s/^[BCDEGRST] \\([^ ]*\\) \\([^ ]*\\)\$/  {\"\\2\", (lt_ptr) \\&\\2},/p'\''"'
lt_lt_cv_sys_global_symbol_to_cdecl='"sed -n -e '\''s/^. .* \\(.*\\)\$/extern int \\1;/p'\''"'
php_cv_cc_dashr=no
php_cv_cc_rpath=yes

## ----------------- ##
## Output variables. ##
## ----------------- ##

AR='ar'
AWK='gawk'
CC='gcc'
CFLAGS='-g -O2'
CONFIGURE_COMMAND=' '\''./configure'\''  '\''--enable-suffixtree'\'''
CONFIGURE_OPTIONS=' '\''--enable-suffixtree'\'''
CPP='gcc -E'
CPPFLAGS=' -DHAVE_CONFIG_H'
CXXCPP=''
DEFS='-DHAVE_CONFIG_H'
ECHO='echo'
ECHO_C=''
ECHO_N='-n'
ECHO_T=''
EGREP='/usr/bin/grep -E'
EXEEXT=''
GREP='/usr/bin/grep'
LDFLAGS=''
LIBOBJS=''
LIBS=''
LIBTOOL='$(SHELL) $(top_builddir)/libtool'
LN_S='ln -s'
LTLIBOBJS=''
OBJEXT='o'
PACKAGE_BUGREPORT=''
PACKAGE_NAME=''
PACKAGE_STRING=''
PACKAGE_TARNAME=''
PACKAGE_VERSION=''
PATH_SEPARATOR=':'
RANLIB='ranlib'
RE2C='exit 0;'
SED='/usr/bin/sed'
SHELL='/bin/sh'
SHLIB_DL_SUFFIX_NAME='so'
SHLIB_SUFFIX_NAME='so'
STRIP='strip'
ac_ct_CC='gcc'
bindir='${exec_prefix}/bin'
build='i686-pc-linux-gnu'
build_alias=''
build_cpu='i686'
build_os='linux-gnu'
build_vendor='pc'
datadir='${datarootdir}'
datarootdir='${prefix}/share'
docdir='${datarootdir}/doc/${PACKAGE}'
dvidir='${docdir}'
exec_prefix='$(prefix)'
host='i686-pc-linux-gnu'
host_alias='i686-pc-linux-gnu'
host_cpu='i686'
host_os='linux-gnu'
host_vendor='pc'
htmldir='${docdir}'
includedir='${prefix}/include'
infodir='${datarootdir}/info'
libdir='${exec_prefix}/lib'
libexecdir='${exec_prefix}/libexec'
localedir='${datarootdir}/locale'
localstatedir='${prefix}/var'
mandir='${datarootdir}/man'
oldincludedir='/usr/include'
pdfdir='${docdir}'
prefix='/usr'
program_transform_name='s,x,x,'
psdir='${docdir}'
sbindir='${exec_prefix}/sbin'
sharedstatedir='${prefix}/com'
sysconfdir='${prefix}/etc'
target='i686-pc-linux-gnu'
target_alias=''
target_cpu='i686'
target_os='linux-gnu'
target_vendor='pc'

## ----------- ##
## confdefs.h. ##
## ----------- ##

#define PACKAGE_NAME ""
#define PACKAGE_TARNAME ""
#define PACKAGE_VERSION ""
#define PACKAGE_STRING ""
#define PACKAGE_BUGREPORT ""
#define HAVE_SUFFIXTREE 1
#define COMPILE_DL_SUFFIXTREE 1
#define STDC_HEADERS 1
#define HAVE_SYS_TYPES_H 1
#define HAVE_SYS_STAT_H 1
#define HAVE_STDLIB_H 1
#define HAVE_STRING_H 1
#define HAVE_MEMORY_H 1
#define HAVE_STRINGS_H 1
#define HAVE_INTTYPES_H 1
#define HAVE_STDINT_H 1
#define HAVE_UNISTD_H 1
#define HAVE_DLFCN_H 1

configure: exit 0
